1709911963862	geckodriver	INFO	Listening on 127.0.0.1:51813
1709911966920	mozrunner::runner	INFO	Running command: "C:\\Program Files\\Mozilla Firefox\\firefox.exe" "--marionette" "--remote-debugging-port" "51814" "--remote-allow-hosts" "localhost" "-no-remote" "-profile" "C:\\Users\\Betas\\AppData\\Local\\Temp\\rust_mozprofile14NIIP"
console.warn: services.settings: Ignoring preference override of remote settings server
console.warn: services.settings: Allow by setting MOZ_REMOTE_SETTINGS_DEVTOOLS=1 in the environment
1709911967399	Marionette	INFO	Marionette enabled
Dynamically enable window occlusion 0
1709911967698	Marionette	INFO	Listening on port 51821
WebDriver BiDi listening on ws://127.0.0.1:51814
Read port: 51821
1709911967946	RemoteAgent	WARN	TLS certificate errors will be ignored for this session
DevTools listening on ws://127.0.0.1:51814/devtools/browser/2e9d2b04-e782-40b6-9a29-bdd2fc324338
console.warn: LoginRecipes: "Falling back to a synchronous message for: http://bpm.certusnet.com.cn."
console.warn: LoginRecipes: "Falling back to a synchronous message for: http://bpm.certusnet.com.cn."
JavaScript error: http://bpm.certusnet.com.cn/portal/aws_skins/_def54/js/nav_config.js, line 68: TypeError: $(...).offset() is null
JavaScript error: http://bpm.certusnet.com.cn/portal/workflow/login.wf?sid=lih_1709911965607_180.110.186.145$fa4c8854b2a4fec315283fb849c0d77eL{cn}LC{pc}C&cmd=Navigation_Frame_LeftMenu&systemId=21, line 5: SyntaxError: illegal character U+FFFD
JavaScript warning: http://bpm.certusnet.com.cn/portal/aws_plus/jqueryUI/jquery-1.3.1.min.js, line 19: unreachable code after return statement
1709911983539	Marionette	INFO	Stopped listening on port 51821
JavaScript warning: http://bpm.certusnet.com.cn/portal/aws_js/extjs2/ext-all.js, line 12: Script terminated by timeout at:
fireEvent@http://bpm.certusnet.com.cn/portal/aws_js/extjs2/ext-all.js:12:327
request@http://bpm.certusnet.com.cn/portal/aws_js/extjs2/ext-all.js:17:305
executionLogoutSystem@http://bpm.certusnet.com.cn/portal/aws_js/bottom.js:22:11
@http://bpm.certusnet.com.cn/portal/aws_js/bottom.js:11:1

Dynamically enable window occlusion 1
1709912467808	geckodriver	INFO	Listening on 127.0.0.1:52073
1709912470853	mozrunner::runner	INFO	Running command: "C:\\Program Files\\Mozilla Firefox\\firefox.exe" "--marionette" "--remote-debugging-port" "52074" "--remote-allow-hosts" "localhost" "-no-remote" "-profile" "C:\\Users\\Betas\\AppData\\Local\\Temp\\rust_mozprofileWO1gC2"
console.warn: services.settings: Ignoring preference override of remote settings server
console.warn: services.settings: Allow by setting MOZ_REMOTE_SETTINGS_DEVTOOLS=1 in the environment
1709912471155	Marionette	INFO	Marionette enabled
Dynamically enable window occlusion 0
1709912471341	Marionette	INFO	Listening on port 52081
WebDriver BiDi listening on ws://127.0.0.1:52074
Read port: 52081
1709912471497	RemoteAgent	WARN	TLS certificate errors will be ignored for this session
DevTools listening on ws://127.0.0.1:52074/devtools/browser/6b87c14f-a6dc-4734-8c4c-81282e504ffa
1709912501760	addons.xpi	ERROR	System addon update list error SyntaxError: XMLHttpRequest.open: 'http://%(server)s/dummy-system-addons.xml' is not a valid URL.
1709912521936	Marionette	INFO	Stopped listening on port 52081
Dynamically enable window occlusion 1
1709912550916	geckodriver	INFO	Listening on 127.0.0.1:52162
1709912553964	mozrunner::runner	INFO	Running command: "C:\\Program Files\\Mozilla Firefox\\firefox.exe" "--marionette" "--remote-debugging-port" "52163" "--remote-allow-hosts" "localhost" "-no-remote" "-profile" "C:\\Users\\Betas\\AppData\\Local\\Temp\\rust_mozprofilepMODqQ"
console.warn: services.settings: Ignoring preference override of remote settings server
console.warn: services.settings: Allow by setting MOZ_REMOTE_SETTINGS_DEVTOOLS=1 in the environment
1709912554324	Marionette	INFO	Marionette enabled
Dynamically enable window occlusion 0
1709912554572	Marionette	INFO	Listening on port 52170
WebDriver BiDi listening on ws://127.0.0.1:52163
Read port: 52170
1709912554768	RemoteAgent	WARN	TLS certificate errors will be ignored for this session
DevTools listening on ws://127.0.0.1:52163/devtools/browser/9f5a2576-aef1-47fe-921d-27dce3dd3ecd
console.warn: LoginRecipes: "Falling back to a synchronous message for: http://bpm.certusnet.com.cn."
console.warn: LoginRecipes: "Falling back to a synchronous message for: http://bpm.certusnet.com.cn."
JavaScript error: http://bpm.certusnet.com.cn/portal/aws_skins/_def54/js/nav_config.js, line 68: TypeError: $(...).offset() is null
JavaScript error: http://bpm.certusnet.com.cn/portal/workflow/login.wf?sid=lih_1709912552012_180.110.186.145$fa4c8854b2aff32839ec4333dbe167d7L{cn}LC{pc}C&cmd=Navigation_Frame_LeftMenu&systemId=21, line 5: SyntaxError: illegal character U+FFFD
JavaScript warning: http://bpm.certusnet.com.cn/portal/aws_plus/jqueryUI/jquery-1.3.1.min.js, line 19: unreachable code after return statement
1709912570243	Marionette	INFO	Stopped listening on port 52170
JavaScript warning: http://bpm.certusnet.com.cn/portal/aws_js/extjs2/ext-all.js, line 12: Script terminated by timeout at:
fireEvent@http://bpm.certusnet.com.cn/portal/aws_js/extjs2/ext-all.js:12:327
request@http://bpm.certusnet.com.cn/portal/aws_js/extjs2/ext-all.js:17:305
executionLogoutSystem@http://bpm.certusnet.com.cn/portal/aws_js/bottom.js:22:11
@http://bpm.certusnet.com.cn/portal/aws_js/bottom.js:11:1

Dynamically enable window occlusion 1
1709951328890	geckodriver	INFO	Listening on 127.0.0.1:59646
1709951331946	mozrunner::runner	INFO	Running command: "C:\\Program Files\\Mozilla Firefox\\firefox.exe" "--marionette" "--remote-debugging-port" "59647" "--remote-allow-hosts" "localhost" "-no-remote" "-profile" "C:\\Users\\Betas\\AppData\\Local\\Temp\\rust_mozprofileHbkOnI"
console.warn: services.settings: Ignoring preference override of remote settings server
console.warn: services.settings: Allow by setting MOZ_REMOTE_SETTINGS_DEVTOOLS=1 in the environment
1709951332449	Marionette	INFO	Marionette enabled
Dynamically enable window occlusion 0
1709951332747	Marionette	INFO	Listening on port 59654
WebDriver BiDi listening on ws://127.0.0.1:59647
Read port: 59654
1709951333002	RemoteAgent	WARN	TLS certificate errors will be ignored for this session
DevTools listening on ws://127.0.0.1:59647/devtools/browser/4b74c50f-db76-485e-b559-b3fddf1c4992
console.warn: LoginRecipes: "Falling back to a synchronous message for: http://bpm.certusnet.com.cn."
console.warn: LoginRecipes: "Falling back to a synchronous message for: http://bpm.certusnet.com.cn."
JavaScript error: http://bpm.certusnet.com.cn/portal/aws_skins/_def54/js/nav_config.js, line 68: TypeError: $(...).offset() is null
JavaScript error: http://bpm.certusnet.com.cn/portal/workflow/login.wf?sid=lih_1709951331420_180.110.186.145$fa4c88548d1fad38392f67fad14fd747L{cn}LC{pc}C&cmd=Navigation_Frame_LeftMenu&systemId=21, line 5: SyntaxError: illegal character U+FFFD
JavaScript warning: http://bpm.certusnet.com.cn/portal/aws_plus/jqueryUI/jquery-1.3.1.min.js, line 19: unreachable code after return statement
1709951348591	Marionette	INFO	Stopped listening on port 59654
JavaScript warning: http://bpm.certusnet.com.cn/portal/aws_plus/jqueryUI/jquery-1.3.1.min.js, line 19: Script terminated by timeout at:
custom/n<@http://bpm.certusnet.com.cn/portal/aws_plus/jqueryUI/jquery-1.3.1.min.js:19:31902

Dynamically enable window occlusion 1
1709951473216	geckodriver	INFO	Listening on 127.0.0.1:59725
1709951476273	mozrunner::runner	INFO	Running command: "C:\\Program Files\\Mozilla Firefox\\firefox.exe" "--marionette" "--remote-debugging-port" "59726" "--remote-allow-hosts" "localhost" "-no-remote" "-profile" "C:\\Users\\Betas\\AppData\\Local\\Temp\\rust_mozprofilebPdfdU"
console.warn: services.settings: Ignoring preference override of remote settings server
console.warn: services.settings: Allow by setting MOZ_REMOTE_SETTINGS_DEVTOOLS=1 in the environment
1709951476758	Marionette	INFO	Marionette enabled
Dynamically enable window occlusion 0
1709951477059	Marionette	INFO	Listening on port 59733
WebDriver BiDi listening on ws://127.0.0.1:59726
Read port: 59733
1709951477304	RemoteAgent	WARN	TLS certificate errors will be ignored for this session
DevTools listening on ws://127.0.0.1:59726/devtools/browser/b1ee58a3-164c-4ec2-8644-ea39c750b7f8
console.warn: LoginRecipes: "Falling back to a synchronous message for: http://bpm.certusnet.com.cn."
console.warn: LoginRecipes: "Falling back to a synchronous message for: http://bpm.certusnet.com.cn."
JavaScript error: http://bpm.certusnet.com.cn/portal/aws_skins/_def54/js/nav_config.js, line 68: TypeError: $(...).offset() is null
JavaScript error: http://bpm.certusnet.com.cn/portal/workflow/login.wf?sid=lih_1709951475455_180.110.186.145$fa4c88548d19df9b76be8f1070a9158fL{cn}LC{pc}C&cmd=Navigation_Frame_LeftMenu&systemId=21, line 5: SyntaxError: illegal character U+FFFD
JavaScript warning: http://bpm.certusnet.com.cn/portal/aws_plus/jqueryUI/jquery-1.3.1.min.js, line 19: unreachable code after return statement
1709951492688	Marionette	INFO	Stopped listening on port 59733
Dynamically enable window occlusion 1
1709951537569	geckodriver	INFO	Listening on 127.0.0.1:59798
1709951540642	mozrunner::runner	INFO	Running command: "C:\\Program Files\\Mozilla Firefox\\firefox.exe" "--marionette" "--remote-debugging-port" "59799" "--remote-allow-hosts" "localhost" "-no-remote" "-profile" "C:\\Users\\Betas\\AppData\\Local\\Temp\\rust_mozprofileqk6aAz"
console.warn: services.settings: Ignoring preference override of remote settings server
console.warn: services.settings: Allow by setting MOZ_REMOTE_SETTINGS_DEVTOOLS=1 in the environment
1709951541120	Marionette	INFO	Marionette enabled
Dynamically enable window occlusion 0
1709951541417	Marionette	INFO	Listening on port 59806
WebDriver BiDi listening on ws://127.0.0.1:59799
Read port: 59806
1709951541665	RemoteAgent	WARN	TLS certificate errors will be ignored for this session
DevTools listening on ws://127.0.0.1:59799/devtools/browser/ce9c21dc-09e8-4d4f-a96d-f981e4771347
console.warn: LoginRecipes: "Falling back to a synchronous message for: http://bpm.certusnet.com.cn."
console.warn: LoginRecipes: "Falling back to a synchronous message for: http://bpm.certusnet.com.cn."
JavaScript error: http://bpm.certusnet.com.cn/portal/aws_skins/_def54/js/nav_config.js, line 68: TypeError: $(...).offset() is null
JavaScript error: http://bpm.certusnet.com.cn/portal/workflow/login.wf?sid=lih_1709951539868_180.110.186.145$fa4c88548d18dbf82a0aaf18d3bf9d89L{cn}LC{pc}C&cmd=Navigation_Frame_LeftMenu&systemId=21, line 5: SyntaxError: illegal character U+FFFD
JavaScript warning: http://bpm.certusnet.com.cn/portal/aws_plus/jqueryUI/jquery-1.3.1.min.js, line 19: unreachable code after return statement
1709951556917	Marionette	INFO	Stopped listening on port 59806
JavaScript warning: http://bpm.certusnet.com.cn/portal/aws_plus/jqueryUI/jquery-1.3.1.min.js, line 19: Script terminated by timeout at:
custom/n<@http://bpm.certusnet.com.cn/portal/aws_plus/jqueryUI/jquery-1.3.1.min.js:19:31902

Dynamically enable window occlusion 1
1709994377993	geckodriver	INFO	Listening on 127.0.0.1:61512
1709994381047	mozrunner::runner	INFO	Running command: "C:\\Program Files\\Mozilla Firefox\\firefox.exe" "--marionette" "--remote-debugging-port" "61513" "--remote-allow-hosts" "localhost" "-no-remote" "-profile" "C:\\Users\\Betas\\AppData\\Local\\Temp\\rust_mozprofileYA1zZR"
console.warn: services.settings: Ignoring preference override of remote settings server
console.warn: services.settings: Allow by setting MOZ_REMOTE_SETTINGS_DEVTOOLS=1 in the environment
1709994381360	Marionette	INFO	Marionette enabled
Dynamically enable window occlusion 0
1709994381461	Marionette	INFO	Listening on port 61520
WebDriver BiDi listening on ws://127.0.0.1:61513
Read port: 61520
1709994381595	RemoteAgent	WARN	TLS certificate errors will be ignored for this session
DevTools listening on ws://127.0.0.1:61513/devtools/browser/c1e1693f-2e07-45e3-9200-1535078f6b64
console.warn: LoginRecipes: "Falling back to a synchronous message for: http://bpm.certusnet.com.cn."
console.warn: LoginRecipes: "Falling back to a synchronous message for: http://bpm.certusnet.com.cn."
JavaScript error: http://bpm.certusnet.com.cn/portal/aws_skins/_def54/js/nav_config.js, line 68: TypeError: $(...).offset() is null
JavaScript error: http://bpm.certusnet.com.cn/portal/workflow/login.wf?sid=lih_1709994378792_180.110.186.145$fa4c88548f8e874c7e3f1827d09f79a5L{cn}LC{pc}C&cmd=Navigation_Frame_LeftMenu&systemId=21, line 5: SyntaxError: illegal character U+FFFD
JavaScript warning: http://bpm.certusnet.com.cn/portal/aws_plus/jqueryUI/jquery-1.3.1.min.js, line 19: unreachable code after return statement
1709994390266	Marionette	INFO	Stopped listening on port 61520
Dynamically enable window occlusion 1
1709994436818	geckodriver	INFO	Listening on 127.0.0.1:61575
1709994439864	mozrunner::runner	INFO	Running command: "C:\\Program Files\\Mozilla Firefox\\firefox.exe" "--marionette" "--remote-debugging-port" "61576" "--remote-allow-hosts" "localhost" "-no-remote" "-profile" "C:\\Users\\Betas\\AppData\\Local\\Temp\\rust_mozprofileho3IMR"
console.warn: services.settings: Ignoring preference override of remote settings server
console.warn: services.settings: Allow by setting MOZ_REMOTE_SETTINGS_DEVTOOLS=1 in the environment
1709994440180	Marionette	INFO	Marionette enabled
Dynamically enable window occlusion 0
1709994440272	Marionette	INFO	Listening on port 61583
WebDriver BiDi listening on ws://127.0.0.1:61576
Read port: 61583
1709994440412	RemoteAgent	WARN	TLS certificate errors will be ignored for this session
DevTools listening on ws://127.0.0.1:61576/devtools/browser/98430e3a-c7d8-45f8-9c5e-9d601e864933
1709994442948	Marionette	INFO	Stopped listening on port 61583
Dynamically enable window occlusion 1
console.error: services.settings: 
  main/query-stripping Signature failed  TypeError: NetworkError: Network request failed
console.error: services.settings: 
  main/fingerprinting-protection-overrides Signature failed  TypeError: NetworkError: Network request failed
console.error: (new NetworkError("Network error: TypeError: NetworkError: Network request failed", "resource://services-settings/RemoteSettingsClient.sys.mjs", 107))
console.error: (new NetworkError("Network error: TypeError: NetworkError: Network request failed", "resource://services-settings/RemoteSettingsClient.sys.mjs", 107))
1709994507276	geckodriver	INFO	Listening on 127.0.0.1:61623
1709994510333	mozrunner::runner	INFO	Running command: "C:\\Program Files\\Mozilla Firefox\\firefox.exe" "--marionette" "--remote-debugging-port" "61624" "--remote-allow-hosts" "localhost" "-no-remote" "-profile" "C:\\Users\\Betas\\AppData\\Local\\Temp\\rust_mozprofile8FK16G"
console.warn: services.settings: Ignoring preference override of remote settings server
console.warn: services.settings: Allow by setting MOZ_REMOTE_SETTINGS_DEVTOOLS=1 in the environment
1709994510645	Marionette	INFO	Marionette enabled
Dynamically enable window occlusion 0
1709994510739	Marionette	INFO	Listening on port 61632
WebDriver BiDi listening on ws://127.0.0.1:61624
Read port: 61632
1709994510885	RemoteAgent	WARN	TLS certificate errors will be ignored for this session
DevTools listening on ws://127.0.0.1:61624/devtools/browser/a05cbed9-6703-421a-9398-310162a82193
console.warn: LoginRecipes: "Falling back to a synchronous message for: http://bpm.certusnet.com.cn."
console.warn: LoginRecipes: "Falling back to a synchronous message for: http://bpm.certusnet.com.cn."
JavaScript error: http://bpm.certusnet.com.cn/portal/aws_skins/_def54/js/nav_config.js, line 68: TypeError: $(...).offset() is null
JavaScript error: http://bpm.certusnet.com.cn/portal/workflow/login.wf?sid=lih_1709994508085_180.110.186.145$fa4c88548f887e514009d9bfd3c03efaL{cn}LC{pc}C&cmd=Navigation_Frame_LeftMenu&systemId=21, line 5: SyntaxError: illegal character U+FFFD
JavaScript warning: http://bpm.certusnet.com.cn/portal/aws_plus/jqueryUI/jquery-1.3.1.min.js, line 19: unreachable code after return statement
1709994517041	Marionette	INFO	Stopped listening on port 61632
Dynamically enable window occlusion 1
1709995255230	geckodriver	INFO	Listening on 127.0.0.1:61967
1709995258285	mozrunner::runner	INFO	Running command: "C:\\Program Files\\Mozilla Firefox\\firefox.exe" "--marionette" "--remote-debugging-port" "61968" "--remote-allow-hosts" "localhost" "-no-remote" "-profile" "C:\\Users\\Betas\\AppData\\Local\\Temp\\rust_mozprofilejt2wk8"
console.warn: services.settings: Ignoring preference override of remote settings server
console.warn: services.settings: Allow by setting MOZ_REMOTE_SETTINGS_DEVTOOLS=1 in the environment
1709995258598	Marionette	INFO	Marionette enabled
Dynamically enable window occlusion 0
1709995258694	Marionette	INFO	Listening on port 61975
WebDriver BiDi listening on ws://127.0.0.1:61968
Read port: 61975
1709995258834	RemoteAgent	WARN	TLS certificate errors will be ignored for this session
DevTools listening on ws://127.0.0.1:61968/devtools/browser/6ab2b02e-edfb-4ef7-84de-7fbccb5bf5b3
console.warn: LoginRecipes: "Falling back to a synchronous message for: http://bpm.certusnet.com.cn."
console.warn: LoginRecipes: "Falling back to a synchronous message for: http://bpm.certusnet.com.cn."
JavaScript error: http://bpm.certusnet.com.cn/portal/aws_skins/_def54/js/nav_config.js, line 68: TypeError: $(...).offset() is null
JavaScript error: http://bpm.certusnet.com.cn/portal/workflow/login.wf?sid=lih_1709995255764_180.110.186.145$fa4c88548fbde6b06b50b9be21bd8911L{cn}LC{pc}C&cmd=Navigation_Frame_LeftMenu&systemId=21, line 5: SyntaxError: illegal character U+FFFD
JavaScript warning: http://bpm.certusnet.com.cn/portal/aws_plus/jqueryUI/jquery-1.3.1.min.js, line 19: unreachable code after return statement
1709995273361	Marionette	INFO	Stopped listening on port 61975
JavaScript warning: http://bpm.certusnet.com.cn/portal/aws_plus/jqueryUI/jquery-1.3.1.min.js, line 19: Script terminated by timeout at:
custom/n<@http://bpm.certusnet.com.cn/portal/aws_plus/jqueryUI/jquery-1.3.1.min.js:19:31902

Dynamically enable window occlusion 1
1710225023595	geckodriver	INFO	Listening on 127.0.0.1:51861
1710225026664	mozrunner::runner	INFO	Running command: "C:\\Program Files\\Mozilla Firefox\\firefox.exe" "--marionette" "--remote-debugging-port" "51862" "--remote-allow-hosts" "localhost" "-no-remote" "-profile" "C:\\Users\\Betas\\AppData\\Local\\Temp\\rust_mozprofileE7xgPN"
console.warn: services.settings: Ignoring preference override of remote settings server
console.warn: services.settings: Allow by setting MOZ_REMOTE_SETTINGS_DEVTOOLS=1 in the environment
1710225026988	Marionette	INFO	Marionette enabled
Dynamically enable window occlusion 0
1710225027174	Marionette	INFO	Listening on port 51873
WebDriver BiDi listening on ws://127.0.0.1:51862
Read port: 51873
1710225027381	RemoteAgent	WARN	TLS certificate errors will be ignored for this session
DevTools listening on ws://127.0.0.1:51862/devtools/browser/b12112b3-1597-4339-8396-19abcc7e8407
console.warn: LoginRecipes: "Falling back to a synchronous message for: http://bpm.certusnet.com.cn."
console.warn: LoginRecipes: "Falling back to a synchronous message for: http://bpm.certusnet.com.cn."
JavaScript error: http://bpm.certusnet.com.cn/portal/aws_skins/_def54/js/nav_config.js, line 68: TypeError: $(...).offset() is null
JavaScript error: http://bpm.certusnet.com.cn/portal/workflow/login.wf?sid=lih_1710225028912_221.226.67.42$fa4c88549d4ff6547c65b8cf2abb2bdbL{cn}LC{pc}C&cmd=Navigation_Frame_LeftMenu&systemId=21, line 5: SyntaxError: illegal character U+FFFD
JavaScript warning: http://bpm.certusnet.com.cn/portal/aws_plus/jqueryUI/jquery-1.3.1.min.js, line 19: unreachable code after return statement
1710225041998	Marionette	INFO	Stopped listening on port 51873
JavaScript warning: http://bpm.certusnet.com.cn/portal/aws_plus/jqueryUI/jquery-1.3.1.min.js, line 19: Script terminated by timeout at:
custom/n<@http://bpm.certusnet.com.cn/portal/aws_plus/jqueryUI/jquery-1.3.1.min.js:19:31902

Dynamically enable window occlusion 1
