ERROR   2024-03-01 10:10:13,481D:\PycharmProjects\heei3k\logs\error-2024-03-01.log:request_util.py:196 接口返回错误，返回消息：{"errcode":40125,"errmsg":"invalid appsecret rid: 65e13905-2e47b021-475f0a9e"}
ERROR   2024-03-01 10:10:13,537D:\PycharmProjects\heei3k\logs\error-2024-03-01.log:request_util.py:196 接口返回错误，返回消息：{"errcode":42001,"errmsg":"access_token expired rid: 65e13905-67d6bac3-713001ba"}
ERROR   2024-03-01 10:10:13,606D:\PycharmProjects\heei3k\logs\error-2024-03-01.log:request_util.py:196 接口返回错误，返回消息：{"errcode":42001,"errmsg":"access_token expired rid: 65e13905-70b02881-26bf7b06"}
ERROR   2024-03-01 10:10:13,876D:\PycharmProjects\heei3k\logs\error-2024-03-01.log:request_util.py:196 接口返回错误，返回消息：{"errcode":42001,"errmsg":"access_token expired rid: 65e13905-517020d3-00ddf09d"}
ERROR   2024-03-01 10:11:20,831D:\PycharmProjects\heei3k\logs\error-2024-03-01.log:request_util.py:196 接口返回错误，返回消息：{"errcode":40125,"errmsg":"invalid appsecret rid: 65e13948-1ce1f0ce-2f4fa395"}
ERROR   2024-03-01 10:12:25,458D:\PycharmProjects\heei3k\logs\error-2024-03-01.log:request_util.py:196 接口返回错误，返回消息：{"errcode":41004,"errmsg":"appsecret missing rid: 65e13989-6dcac275-368e1ee8"}
ERROR   2024-03-01 10:12:25,494D:\PycharmProjects\heei3k\logs\error-2024-03-01.log:request_util.py:196 接口返回错误，返回消息：{"errcode":41001,"errmsg":"access_token missing rid: 65e13989-36273b1f-0a2d7267"}
ERROR   2024-03-01 10:12:25,535D:\PycharmProjects\heei3k\logs\error-2024-03-01.log:request_util.py:196 接口返回错误，返回消息：{"errcode":41001,"errmsg":"access_token missing rid: 65e13989-7e286797-43b2ab8a"}
ERROR   2024-03-01 10:12:26,010D:\PycharmProjects\heei3k\logs\error-2024-03-01.log:request_util.py:196 接口返回错误，返回消息：{"errcode":41001,"errmsg":"access_token missing rid: 65e13989-172ac895-16cc54cc"}
ERROR   2024-03-01 10:14:31,109D:\PycharmProjects\heei3k\logs\error-2024-03-01.log:request_util.py:196 接口返回错误，返回消息：{"errcode":41004,"errmsg":"appsecret missing rid: 65e13a06-53f5cac0-6e372de8"}
ERROR   2024-03-01 10:14:31,138D:\PycharmProjects\heei3k\logs\error-2024-03-01.log:request_util.py:196 接口返回错误，返回消息：{"errcode":41001,"errmsg":"access_token missing rid: 65e13a07-585fb460-3cae2377"}
ERROR   2024-03-01 10:14:31,177D:\PycharmProjects\heei3k\logs\error-2024-03-01.log:request_util.py:196 接口返回错误，返回消息：{"errcode":41001,"errmsg":"access_token missing rid: 65e13a07-33080544-395cd310"}
ERROR   2024-03-01 10:14:31,393D:\PycharmProjects\heei3k\logs\error-2024-03-01.log:request_util.py:196 接口返回错误，返回消息：{"errcode":41001,"errmsg":"access_token missing rid: 65e13a07-6e380eac-69db8f90"}
ERROR   2024-03-01 10:20:26,406D:\PycharmProjects\heei3k\logs\error-2024-03-01.log:request_util.py:196 接口返回错误，返回消息：{"errcode":41004,"errmsg":"appsecret missing rid: 65e13b6a-063ed436-1bd10a78"}
ERROR   2024-03-01 10:20:26,457D:\PycharmProjects\heei3k\logs\error-2024-03-01.log:request_util.py:196 接口返回错误，返回消息：{"errcode":41001,"errmsg":"access_token missing rid: 65e13b6a-5f026c15-5262da55"}
ERROR   2024-03-01 10:20:26,497D:\PycharmProjects\heei3k\logs\error-2024-03-01.log:request_util.py:196 接口返回错误，返回消息：{"errcode":41001,"errmsg":"access_token missing rid: 65e13b6a-3fe4e41b-157d17ba"}
ERROR   2024-03-01 10:20:26,723D:\PycharmProjects\heei3k\logs\error-2024-03-01.log:request_util.py:196 接口返回错误，返回消息：{"errcode":41001,"errmsg":"access_token missing rid: 65e13b6a-533a1eea-59656a01"}
ERROR   2024-03-01 10:24:10,584D:\PycharmProjects\heei3k\logs\error-2024-03-01.log:request_util.py:196 接口返回错误，返回消息：{"errcode":41004,"errmsg":"appsecret missing rid: 65e13c4a-21b918d0-04b54056"}
ERROR   2024-03-01 10:24:10,617D:\PycharmProjects\heei3k\logs\error-2024-03-01.log:request_util.py:196 接口返回错误，返回消息：{"errcode":41001,"errmsg":"access_token missing rid: 65e13c4a-03bab747-1b39c681"}
ERROR   2024-03-01 10:24:10,653D:\PycharmProjects\heei3k\logs\error-2024-03-01.log:request_util.py:196 接口返回错误，返回消息：{"errcode":41001,"errmsg":"access_token missing rid: 65e13c4a-3fe67807-44423b8c"}
ERROR   2024-03-01 10:24:10,963D:\PycharmProjects\heei3k\logs\error-2024-03-01.log:request_util.py:196 接口返回错误，返回消息：{"errcode":41001,"errmsg":"access_token missing rid: 65e13c4a-4db02bc4-03eee9cd"}
ERROR   2024-03-01 10:26:01,281D:\PycharmProjects\heei3k\logs\error-2024-03-01.log:request_util.py:196 接口返回错误，返回消息：{"errcode":40125,"errmsg":"invalid appsecret rid: 65e13cb9-15848afa-7b50993d"}
ERROR   2024-03-01 10:27:18,377D:\PycharmProjects\heei3k\logs\error-2024-03-01.log:request_util.py:196 接口返回错误，返回消息：{"errcode":40013,"errmsg":"invalid appid rid: 65e13d06-73415ff0-5439286e"}
