INFO    2024-02-28 10:17:11,961D:\PycharmProjects\heei3k\interface_testcase\logs\info-2024-02-28.log:request_util.py:70 接口请求数据：{'sku': 'AD.12.00.14.0035', 'customItemNo': 113342, 'upc': 'upctest', 'productType': 1, 'name': 'nametest${get_date_time()}', 'nameEn': 'nameEntest${get_date_time()}', 'description': 'description', 'packingType': 0}
INFO    2024-02-28 10:21:33,237D:\PycharmProjects\heei3k\interface_testcase\logs\info-2024-02-28.log:request_util.py:70 接口请求数据：{'sku': 'AD.12.00.14.0035', 'customItemNo': 113342, 'upc': 'upctest', 'productType': 1, 'name': 'nametest${get_date_time()}', 'nameEn': 'nameEntest${get_date_time()}', 'description': 'description', 'packingType': 0}
INFO    2024-02-28 10:22:26,467D:\PycharmProjects\heei3k\interface_testcase\logs\info-2024-02-28.log:request_util.py:70 接口请求数据：{'sku': 'AD.12.00.14.0035', 'customItemNo': 113342, 'upc': 'upctest', 'productType': 1, 'name': 'nametest${get_date_time()}', 'nameEn': 'nameEntest${get_date_time()}', 'description': 'description', 'packingType': 0}
INFO    2024-02-28 10:23:00,067D:\PycharmProjects\heei3k\interface_testcase\logs\info-2024-02-28.log:request_util.py:70 接口请求数据：{'sku': 'AD.12.00.14.0035', 'customItemNo': 113342, 'upc': 'upctest', 'productType': 1, 'name': 'nametest${get_date_time()}', 'nameEn': 'nameEntest${get_date_time()}', 'description': 'description', 'packingType': 0}
INFO    2024-02-28 10:26:10,942D:\PycharmProjects\heei3k\interface_testcase\logs\info-2024-02-28.log:request_util.py:70 接口请求数据：{'sku': 'AD.12.00.14.0035', 'customItemNo': 113342, 'upc': 'upctest', 'productType': 1, 'name': 'nametest${get_date_time()}', 'nameEn': 'nameEntest${get_date_time()}', 'description': 'description', 'packingType': 0}
INFO    2024-02-28 10:26:35,284D:\PycharmProjects\heei3k\interface_testcase\logs\info-2024-02-28.log:request_util.py:70 接口请求数据：{'sku': 'AD.12.00.14.0035', 'customItemNo': 113342, 'upc': 'upctest', 'productType': 1, 'name': 'nametest${get_date_time()}', 'nameEn': 'nameEntest${get_date_time()}', 'description': 'description', 'packingType': 0}
INFO    2024-02-28 10:27:32,704D:\PycharmProjects\heei3k\interface_testcase\logs\info-2024-02-28.log:request_util.py:70 接口请求数据：{'sku': 'AD.12.00.14.0035', 'customItemNo': 113342, 'upc': 'upctest', 'productType': 1, 'name': 'nametest${get_date_time()}', 'nameEn': 'nameEntest${get_date_time()}', 'description': 'description', 'packingType': 0}
INFO    2024-02-28 10:30:21,756D:\PycharmProjects\heei3k\interface_testcase\logs\info-2024-02-28.log:request_util.py:70 接口请求数据：{'sku': 'AD.12.00.14.0035', 'customItemNo': 113342, 'upc': 'upctest', 'productType': 1, 'name': 'nametest${get_date_time()}', 'nameEn': 'nameEntest${get_date_time()}', 'description': 'description', 'packingType': 0}
INFO    2024-02-28 10:30:21,757D:\PycharmProjects\heei3k\interface_testcase\logs\info-2024-02-28.log:request_util.py:78 

INFO    2024-02-28 10:30:21,757D:\PycharmProjects\heei3k\interface_testcase\logs\info-2024-02-28.log:request_util.py:79 ---------接口测试开始----------
INFO    2024-02-28 10:30:21,757D:\PycharmProjects\heei3k\interface_testcase\logs\info-2024-02-28.log:request_util.py:80 接口请求地址：https://api.weixin.qq.com/cgi-bin/get_api_domain_ip?access_token=77_06h4SWsiKsnLJJsIBe6MKVdftVXRJXRBIOrP7d-VVQQPigZZZpJUm65OMOmmgPjPKH2PC7df_uW_f-8-NtAXx2pBU9ZKmCYlaVyEp5xaTn3ULNqU5e0vKb7_73kQKKiAJAHBB
INFO    2024-02-28 10:30:21,757D:\PycharmProjects\heei3k\interface_testcase\logs\info-2024-02-28.log:request_util.py:81 接口请求方式：post
INFO    2024-02-28 10:30:21,758D:\PycharmProjects\heei3k\interface_testcase\logs\info-2024-02-28.log:request_util.py:83 接口请求头：{'Content-Type': 'application/json', 'User-Agent': 'Mozilla/5.0 (Windows NT 10.0; Win64; x64; rv:122.0) Gecko/20100101 Firefox/122.0', "Accept'": '*/*'}
INFO    2024-02-28 10:30:21,758D:\PycharmProjects\heei3k\interface_testcase\logs\info-2024-02-28.log:request_util.py:85 接口请求数据：{'sku': 'AD.12.00.14.0035', 'customItemNo': '113342', 'upc': 'upctest', 'productType': '1', 'name': 'nametest20240228103021', 'nameEn': 'nameEntest20240228103021', 'description': 'description', 'packingType': '0'}
INFO    2024-02-28 10:30:21,909D:\PycharmProjects\heei3k\interface_testcase\logs\info-2024-02-28.log:request_util.py:137 ---------接口测试结束----------
INFO    2024-02-28 10:30:21,909D:\PycharmProjects\heei3k\interface_testcase\logs\info-2024-02-28.log:request_util.py:138 

INFO    2024-02-28 10:31:07,695D:\PycharmProjects\heei3k\interface_testcase\logs\info-2024-02-28.log:request_util.py:70 接口请求数据：{'sku': 'AD.12.00.14.0035', 'customItemNo': 113342, 'upc': 'upctest', 'productType': 1, 'name': 'nametest${get_date_time()}', 'nameEn': 'nameEntest${get_date_time()}', 'description': 'description', 'packingType': 0}
INFO    2024-02-28 10:31:19,740D:\PycharmProjects\heei3k\interface_testcase\logs\info-2024-02-28.log:request_util.py:70 接口请求数据：{'sku': 'AD.12.00.14.0035', 'customItemNo': 113342, 'upc': 'upctest', 'productType': 1, 'name': 'nametest${get_date_time()}', 'nameEn': 'nameEntest${get_date_time()}', 'description': 'description', 'packingType': 0}
INFO    2024-02-28 10:35:51,831D:\PycharmProjects\heei3k\interface_testcase\logs\info-2024-02-28.log:request_util.py:70 接口请求数据：{'sku': 'AD.12.00.14.0035', 'customItemNo': 113342, 'upc': 'upctest', 'productType': 1, 'name': 'nametest${get_date_time()}', 'nameEn': 'nameEntest${get_date_time()}', 'description': 'description', 'packingType': 0}
INFO    2024-02-28 10:35:51,831D:\PycharmProjects\heei3k\interface_testcase\logs\info-2024-02-28.log:request_util.py:79 

INFO    2024-02-28 10:35:51,831D:\PycharmProjects\heei3k\interface_testcase\logs\info-2024-02-28.log:request_util.py:80 ---------接口测试开始----------
INFO    2024-02-28 10:35:51,831D:\PycharmProjects\heei3k\interface_testcase\logs\info-2024-02-28.log:request_util.py:81 接口请求地址：https://api.weixin.qq.com/cgi-bin/get_api_domain_ip?access_token=77_06h4SWsiKsnLJJsIBe6MKVdftVXRJXRBIOrP7d-VVQQPigZZZpJUm65OMOmmgPjPKH2PC7df_uW_f-8-NtAXx2pBU9ZKmCYlaVyEp5xaTn3ULNqU5e0vKb7_73kQKKiAJAHBB
INFO    2024-02-28 10:35:51,831D:\PycharmProjects\heei3k\interface_testcase\logs\info-2024-02-28.log:request_util.py:82 接口请求方式：post
INFO    2024-02-28 10:35:51,832D:\PycharmProjects\heei3k\interface_testcase\logs\info-2024-02-28.log:request_util.py:84 接口请求头：{'Content-Type': 'application/json', 'User-Agent': 'Mozilla/5.0 (Windows NT 10.0; Win64; x64; rv:122.0) Gecko/20100101 Firefox/122.0', "Accept'": '*/*'}
INFO    2024-02-28 10:35:51,832D:\PycharmProjects\heei3k\interface_testcase\logs\info-2024-02-28.log:request_util.py:86 接口请求数据：{'sku': 'AD.12.00.14.0035', 'customItemNo': '113342', 'upc': 'upctest', 'productType': '1', 'name': 'nametest20240228103551', 'nameEn': 'nameEntest20240228103551', 'description': 'description', 'packingType': '0'}
INFO    2024-02-28 10:35:51,929D:\PycharmProjects\heei3k\interface_testcase\logs\info-2024-02-28.log:request_util.py:138 ---------接口测试结束----------
INFO    2024-02-28 10:35:51,929D:\PycharmProjects\heei3k\interface_testcase\logs\info-2024-02-28.log:request_util.py:139 

INFO    2024-02-28 10:36:37,340D:\PycharmProjects\heei3k\interface_testcase\logs\info-2024-02-28.log:request_util.py:70 接口请求数据：{'sku': 'AD.12.00.14.0035', 'customItemNo': 113342, 'upc': 'upctest', 'productType': 1, 'name': 'nametest${get_random_str(1000，9999)}', 'nameEn': 'nameEntest${get_random_str(1000，9999)}', 'description': 'description', 'packingType': 0}
INFO    2024-02-28 10:38:13,981D:\PycharmProjects\heei3k\interface_testcase\logs\info-2024-02-28.log:request_util.py:70 接口请求数据：{'sku': 'AD.12.00.14.0035', 'customItemNo': 113342, 'upc': 'upctest', 'productType': 1, 'name': 'nametest${get_random_str(1000，9999)}', 'nameEn': 'nameEntest${get_random_str(1000，9999)}', 'description': 'description', 'packingType': 0}
INFO    2024-02-28 10:38:47,361D:\PycharmProjects\heei3k\interface_testcase\logs\info-2024-02-28.log:request_util.py:70 接口请求数据：{'sku': 'AD.12.00.14.0035', 'customItemNo': 113342, 'upc': 'upctest', 'productType': 1, 'name': 'nametest${get_random_str(1000,9999)}', 'nameEn': 'nameEntest${get_random_str(1000,9999)}', 'description': 'description', 'packingType': 0}
INFO    2024-02-28 10:39:03,699D:\PycharmProjects\heei3k\interface_testcase\logs\info-2024-02-28.log:request_util.py:70 接口请求数据：{'sku': 'AD.12.00.14.0035', 'customItemNo': 113342, 'upc': 'upctest', 'productType': 1, 'name': 'nametest${get_random_str(1000,9999)}', 'nameEn': 'nameEntest${get_random_str(1000,9999)}', 'description': 'description', 'packingType': 0}
INFO    2024-02-28 10:39:03,700D:\PycharmProjects\heei3k\interface_testcase\logs\info-2024-02-28.log:request_util.py:79 

INFO    2024-02-28 10:39:03,700D:\PycharmProjects\heei3k\interface_testcase\logs\info-2024-02-28.log:request_util.py:80 ---------接口测试开始----------
INFO    2024-02-28 10:39:03,700D:\PycharmProjects\heei3k\interface_testcase\logs\info-2024-02-28.log:request_util.py:81 接口请求地址：https://api.weixin.qq.com/cgi-bin/get_api_domain_ip?access_token=77_06h4SWsiKsnLJJsIBe6MKVdftVXRJXRBIOrP7d-VVQQPigZZZpJUm65OMOmmgPjPKH2PC7df_uW_f-8-NtAXx2pBU9ZKmCYlaVyEp5xaTn3ULNqU5e0vKb7_73kQKKiAJAHBB
INFO    2024-02-28 10:39:03,700D:\PycharmProjects\heei3k\interface_testcase\logs\info-2024-02-28.log:request_util.py:82 接口请求方式：post
INFO    2024-02-28 10:39:03,701D:\PycharmProjects\heei3k\interface_testcase\logs\info-2024-02-28.log:request_util.py:84 接口请求头：{'Content-Type': 'application/json', 'User-Agent': 'Mozilla/5.0 (Windows NT 10.0; Win64; x64; rv:122.0) Gecko/20100101 Firefox/122.0', "Accept'": '*/*'}
INFO    2024-02-28 10:39:03,701D:\PycharmProjects\heei3k\interface_testcase\logs\info-2024-02-28.log:request_util.py:86 接口请求数据：{'sku': 'AD.12.00.14.0035', 'customItemNo': '113342', 'upc': 'upctest', 'productType': '1', 'name': 'nametest6163', 'nameEn': 'nameEntest7593', 'description': 'description', 'packingType': '0'}
INFO    2024-02-28 10:39:03,835D:\PycharmProjects\heei3k\interface_testcase\logs\info-2024-02-28.log:request_util.py:138 ---------接口测试结束----------
INFO    2024-02-28 10:39:03,835D:\PycharmProjects\heei3k\interface_testcase\logs\info-2024-02-28.log:request_util.py:139 

INFO    2024-02-28 13:22:50,312D:\PycharmProjects\heei3k\interface_testcase\logs\info-2024-02-28.log:test_weixin_api.py:61 appidwxf9f152aece2b88ff
INFO    2024-02-28 13:22:50,313D:\PycharmProjects\heei3k\interface_testcase\logs\info-2024-02-28.log:test_weixin_api.py:62 secrete531b9dfc90f4ed8116375132fdb2aa9
INFO    2024-02-28 13:22:50,313D:\PycharmProjects\heei3k\interface_testcase\logs\info-2024-02-28.log:send_request.py:24 

INFO    2024-02-28 13:22:50,313D:\PycharmProjects\heei3k\interface_testcase\logs\info-2024-02-28.log:send_request.py:25 ---------接口测试开始----------
INFO    2024-02-28 13:22:50,313D:\PycharmProjects\heei3k\interface_testcase\logs\info-2024-02-28.log:send_request.py:26 接口地址 https://api.weixin.qq.com/cgi-bin/token?grant_type=client_credential&appid=wxf9f152aece2b88ff&secret=e531b9dfc90f4ed8116375132fdb2aa9
INFO    2024-02-28 13:22:50,313D:\PycharmProjects\heei3k\interface_testcase\logs\info-2024-02-28.log:send_request.py:27 请求方式 get
INFO    2024-02-28 13:22:50,651D:\PycharmProjects\heei3k\interface_testcase\logs\info-2024-02-28.log:send_request.py:37 接口返回：{"access_token":"77_rhAmECQJw_FW15VxH62iZtsHkVRTI9IREKt-bOQwq-3BBLWg5mpbiCLNyUbl-6eVxh-kw2nV_f_DP0OS3NMSGSIHZJPHlpg-fcyffE5pEdd8WpagR24n1h8Z8GAPIJcAHAIBC","expires_in":7200}
INFO    2024-02-28 13:22:50,652D:\PycharmProjects\heei3k\interface_testcase\logs\info-2024-02-28.log:send_request.py:38 ---------接口测试结束----------
INFO    2024-02-28 13:22:50,652D:\PycharmProjects\heei3k\interface_testcase\logs\info-2024-02-28.log:send_request.py:39 

INFO    2024-02-28 13:22:50,652D:\PycharmProjects\heei3k\interface_testcase\logs\info-2024-02-28.log:test_weixin_api.py:73 响应报文为{"access_token":"77_rhAmECQJw_FW15VxH62iZtsHkVRTI9IREKt-bOQwq-3BBLWg5mpbiCLNyUbl-6eVxh-kw2nV_f_DP0OS3NMSGSIHZJPHlpg-fcyffE5pEdd8WpagR24n1h8Z8GAPIJcAHAIBC","expires_in":7200}
INFO    2024-02-28 13:31:34,621D:\PycharmProjects\heei3k\interface_testcase\logs\info-2024-02-28.log:test_weixin_api.py:61 appidwxf9f152aece2b88ff
INFO    2024-02-28 13:31:34,621D:\PycharmProjects\heei3k\interface_testcase\logs\info-2024-02-28.log:test_weixin_api.py:62 secrete531b9dfc90f4ed8116375132fdb2aa9
INFO    2024-02-28 13:31:34,621D:\PycharmProjects\heei3k\interface_testcase\logs\info-2024-02-28.log:send_request.py:24 

INFO    2024-02-28 13:31:34,622D:\PycharmProjects\heei3k\interface_testcase\logs\info-2024-02-28.log:send_request.py:25 ---------接口测试开始----------
INFO    2024-02-28 13:31:34,622D:\PycharmProjects\heei3k\interface_testcase\logs\info-2024-02-28.log:send_request.py:26 接口地址 https://api.weixin.qq.com/cgi-bin/token?grant_type=client_credential&appid=wxf9f152aece2b88ff&secret=e531b9dfc90f4ed8116375132fdb2aa9
INFO    2024-02-28 13:31:34,622D:\PycharmProjects\heei3k\interface_testcase\logs\info-2024-02-28.log:send_request.py:27 请求方式 get
INFO    2024-02-28 13:31:34,952D:\PycharmProjects\heei3k\interface_testcase\logs\info-2024-02-28.log:send_request.py:37 接口返回：{"access_token":"77_fqMccr2gwfsEwy1D0bKyWNy4kSkP30SE-RuF6kLsgpFCkgCZ1P10SZi3p6VTyak8oEB037AfjALiTgPBK-yMYnobqoOnt0wdHDGAyhZMRTegSp7ctaKem_fwj_cJUUdABARCC","expires_in":7200}
INFO    2024-02-28 13:31:34,952D:\PycharmProjects\heei3k\interface_testcase\logs\info-2024-02-28.log:send_request.py:38 ---------接口测试结束----------
INFO    2024-02-28 13:31:34,952D:\PycharmProjects\heei3k\interface_testcase\logs\info-2024-02-28.log:send_request.py:39 

INFO    2024-02-28 13:31:34,953D:\PycharmProjects\heei3k\interface_testcase\logs\info-2024-02-28.log:test_weixin_api.py:73 响应报文为{"access_token":"77_fqMccr2gwfsEwy1D0bKyWNy4kSkP30SE-RuF6kLsgpFCkgCZ1P10SZi3p6VTyak8oEB037AfjALiTgPBK-yMYnobqoOnt0wdHDGAyhZMRTegSp7ctaKem_fwj_cJUUdABARCC","expires_in":7200}
INFO    2024-02-28 14:23:01,581D:\PycharmProjects\heei3k\interface_testcase\logs\info-2024-02-28.log:test_weixin_api.py:61 appidwxf9f152aece2b88ff
INFO    2024-02-28 14:23:01,582D:\PycharmProjects\heei3k\interface_testcase\logs\info-2024-02-28.log:test_weixin_api.py:62 secrete531b9dfc90f4ed8116375132fdb2aa9
INFO    2024-02-28 14:23:01,582D:\PycharmProjects\heei3k\interface_testcase\logs\info-2024-02-28.log:send_request.py:24 

INFO    2024-02-28 14:23:01,582D:\PycharmProjects\heei3k\interface_testcase\logs\info-2024-02-28.log:send_request.py:25 ---------接口测试开始----------
INFO    2024-02-28 14:23:01,582D:\PycharmProjects\heei3k\interface_testcase\logs\info-2024-02-28.log:send_request.py:26 接口地址 https://api.weixin.qq.com/cgi-bin/token?grant_type=client_credential&appid=wxf9f152aece2b88ff&secret=e531b9dfc90f4ed8116375132fdb2aa9
INFO    2024-02-28 14:23:01,582D:\PycharmProjects\heei3k\interface_testcase\logs\info-2024-02-28.log:send_request.py:27 请求方式 get
INFO    2024-02-28 14:23:01,899D:\PycharmProjects\heei3k\interface_testcase\logs\info-2024-02-28.log:send_request.py:37 接口返回：{"access_token":"77_5iBRyumhdf_PJ-P0MRIE_p_UsR63kxaQ5Y-IASGpChQe9Io9ZFuksHb5GP7bCvl1-BEcGjiKZ5vEsCifVurbQ4VI5K9Ok6qlkCZuLPFesT4vtqno_AqUuXj_hD4UMKiAEAQIG","expires_in":7200}
INFO    2024-02-28 14:23:01,899D:\PycharmProjects\heei3k\interface_testcase\logs\info-2024-02-28.log:send_request.py:38 ---------接口测试结束----------
INFO    2024-02-28 14:23:01,899D:\PycharmProjects\heei3k\interface_testcase\logs\info-2024-02-28.log:send_request.py:39 

INFO    2024-02-28 14:23:01,899D:\PycharmProjects\heei3k\interface_testcase\logs\info-2024-02-28.log:test_weixin_api.py:73 响应报文为{"access_token":"77_5iBRyumhdf_PJ-P0MRIE_p_UsR63kxaQ5Y-IASGpChQe9Io9ZFuksHb5GP7bCvl1-BEcGjiKZ5vEsCifVurbQ4VI5K9Ok6qlkCZuLPFesT4vtqno_AqUuXj_hD4UMKiAEAQIG","expires_in":7200}
INFO    2024-02-28 14:34:17,271D:\PycharmProjects\heei3k\interface_testcase\logs\info-2024-02-28.log:test_weixin_api.py:61 appidwxf9f152aece2b88ff
INFO    2024-02-28 14:34:17,271D:\PycharmProjects\heei3k\interface_testcase\logs\info-2024-02-28.log:test_weixin_api.py:62 secrete531b9dfc90f4ed8116375132fdb2aa9
INFO    2024-02-28 14:34:17,297D:\PycharmProjects\heei3k\interface_testcase\logs\info-2024-02-28.log:request_util.py:72 接口请求数据：{'sku': 'AD.12.00.14.0035', 'customItemNo': 113342, 'upc': 'upctest', 'productType': 1, 'name': 'nametest${get_random_str(1000,9999)}', 'nameEn': 'nameEntest${get_random_str(1000,9999)}', 'description': 'description', 'packingType': 0}
INFO    2024-02-28 14:34:17,297D:\PycharmProjects\heei3k\interface_testcase\logs\info-2024-02-28.log:request_util.py:81 

INFO    2024-02-28 14:34:17,297D:\PycharmProjects\heei3k\interface_testcase\logs\info-2024-02-28.log:request_util.py:82 ---------接口测试开始----------
INFO    2024-02-28 14:34:17,298D:\PycharmProjects\heei3k\interface_testcase\logs\info-2024-02-28.log:request_util.py:83 接口请求地址：https://api.weixin.qq.comhttps://api.weixin.qq.com/cgi-bin/token?grant_type=client_credential&appid=wxf9f152aece2b88ff&secret=e531b9dfc90f4ed8116375132fdb2aa9
INFO    2024-02-28 14:34:17,298D:\PycharmProjects\heei3k\interface_testcase\logs\info-2024-02-28.log:request_util.py:84 接口请求方式：get
INFO    2024-02-28 14:34:17,298D:\PycharmProjects\heei3k\interface_testcase\logs\info-2024-02-28.log:request_util.py:86 接口请求头：{'Content-Type': 'application/json', 'User-Agent': 'Mozilla/5.0 (Windows NT 10.0; Win64; x64; rv:122.0) Gecko/20100101 Firefox/122.0', "Accept'": '*/*'}
INFO    2024-02-28 14:34:17,299D:\PycharmProjects\heei3k\interface_testcase\logs\info-2024-02-28.log:request_util.py:88 接口请求数据：{'sku': 'AD.12.00.14.0035', 'customItemNo': '113342', 'upc': 'upctest', 'productType': '1', 'name': 'nametest6805', 'nameEn': 'nameEntest8075', 'description': 'description', 'packingType': '0'}
INFO    2024-02-28 14:45:18,731D:\PycharmProjects\heei3k\interface_testcase\logs\info-2024-02-28.log:request_util.py:72 接口请求数据：{'sku': 'AD.12.00.14.0035', 'customItemNo': 113342, 'upc': 'upctest', 'productType': 1, 'name': 'nametest${get_random_str(1000,9999)}', 'nameEn': 'nameEntest${get_random_str(1000,9999)}', 'description': 'description', 'packingType': 0}
INFO    2024-02-28 14:45:18,732D:\PycharmProjects\heei3k\interface_testcase\logs\info-2024-02-28.log:request_util.py:81 

INFO    2024-02-28 14:45:18,732D:\PycharmProjects\heei3k\interface_testcase\logs\info-2024-02-28.log:request_util.py:82 ---------接口测试开始----------
INFO    2024-02-28 14:45:18,733D:\PycharmProjects\heei3k\interface_testcase\logs\info-2024-02-28.log:request_util.py:83 接口请求地址：https://api.weixin.qq.comhttps://v2.alapi.cn/api/new/toutiao
INFO    2024-02-28 14:45:18,733D:\PycharmProjects\heei3k\interface_testcase\logs\info-2024-02-28.log:request_util.py:84 接口请求方式：post
INFO    2024-02-28 14:45:18,733D:\PycharmProjects\heei3k\interface_testcase\logs\info-2024-02-28.log:request_util.py:86 接口请求头：{'Content-Type': 'application/json', 'User-Agent': 'Mozilla/5.0 (Windows NT 10.0; Win64; x64; rv:122.0) Gecko/20100101 Firefox/122.0', "Accept'": '*/*'}
INFO    2024-02-28 14:45:18,734D:\PycharmProjects\heei3k\interface_testcase\logs\info-2024-02-28.log:request_util.py:88 接口请求数据：{'sku': 'AD.12.00.14.0035', 'customItemNo': '113342', 'upc': 'upctest', 'productType': '1', 'name': 'nametest6666', 'nameEn': 'nameEntest2702', 'description': 'description', 'packingType': '0'}
INFO    2024-02-28 14:45:19,042D:\PycharmProjects\heei3k\interface_testcase\logs\info-2024-02-28.log:request_util.py:72 接口请求数据：{'sku': 'AD.12.00.14.0035', 'customItemNo': 113342, 'upc': 'upctest', 'productType': 1, 'name': 'nametest${get_random_str(1000,9999)}', 'nameEn': 'nameEntest${get_random_str(1000,9999)}', 'description': 'description', 'packingType': 0}
INFO    2024-02-28 14:45:19,043D:\PycharmProjects\heei3k\interface_testcase\logs\info-2024-02-28.log:request_util.py:81 

INFO    2024-02-28 14:45:19,043D:\PycharmProjects\heei3k\interface_testcase\logs\info-2024-02-28.log:request_util.py:82 ---------接口测试开始----------
INFO    2024-02-28 14:45:19,043D:\PycharmProjects\heei3k\interface_testcase\logs\info-2024-02-28.log:request_util.py:83 接口请求地址：https://api.weixin.qq.comhttps://v2.alapi.cn/api/new/toutiao
INFO    2024-02-28 14:45:19,044D:\PycharmProjects\heei3k\interface_testcase\logs\info-2024-02-28.log:request_util.py:84 接口请求方式：post
INFO    2024-02-28 14:45:19,044D:\PycharmProjects\heei3k\interface_testcase\logs\info-2024-02-28.log:request_util.py:86 接口请求头：{'Content-Type': 'application/json', 'User-Agent': 'Mozilla/5.0 (Windows NT 10.0; Win64; x64; rv:122.0) Gecko/20100101 Firefox/122.0', "Accept'": '*/*'}
INFO    2024-02-28 14:45:19,044D:\PycharmProjects\heei3k\interface_testcase\logs\info-2024-02-28.log:request_util.py:88 接口请求数据：{'sku': 'AD.12.00.14.0035', 'customItemNo': '113342', 'upc': 'upctest', 'productType': '1', 'name': 'nametest7644', 'nameEn': 'nameEntest5765', 'description': 'description', 'packingType': '0'}
INFO    2024-02-28 14:45:19,267D:\PycharmProjects\heei3k\interface_testcase\logs\info-2024-02-28.log:request_util.py:72 接口请求数据：{'sku': 'AD.12.00.14.0035', 'customItemNo': 113342, 'upc': 'upctest', 'productType': 1, 'name': 'nametest${get_random_str(1000,9999)}', 'nameEn': 'nameEntest${get_random_str(1000,9999)}', 'description': 'description', 'packingType': 0}
INFO    2024-02-28 14:45:19,268D:\PycharmProjects\heei3k\interface_testcase\logs\info-2024-02-28.log:request_util.py:81 

INFO    2024-02-28 14:45:19,268D:\PycharmProjects\heei3k\interface_testcase\logs\info-2024-02-28.log:request_util.py:82 ---------接口测试开始----------
INFO    2024-02-28 14:45:19,269D:\PycharmProjects\heei3k\interface_testcase\logs\info-2024-02-28.log:request_util.py:83 接口请求地址：https://api.weixin.qq.comhttps://v2.alapi.cn/api/new/toutiao
INFO    2024-02-28 14:45:19,269D:\PycharmProjects\heei3k\interface_testcase\logs\info-2024-02-28.log:request_util.py:84 接口请求方式：post
INFO    2024-02-28 14:45:19,270D:\PycharmProjects\heei3k\interface_testcase\logs\info-2024-02-28.log:request_util.py:86 接口请求头：{'Content-Type': 'application/json', 'User-Agent': 'Mozilla/5.0 (Windows NT 10.0; Win64; x64; rv:122.0) Gecko/20100101 Firefox/122.0', "Accept'": '*/*'}
INFO    2024-02-28 14:45:19,270D:\PycharmProjects\heei3k\interface_testcase\logs\info-2024-02-28.log:request_util.py:88 接口请求数据：{'sku': 'AD.12.00.14.0035', 'customItemNo': '113342', 'upc': 'upctest', 'productType': '1', 'name': 'nametest6257', 'nameEn': 'nameEntest4333', 'description': 'description', 'packingType': '0'}
INFO    2024-02-28 16:10:19,848D:\PycharmProjects\heei3k\interface_testcase\logs\info-2024-02-28.log:send_request.py:24 

INFO    2024-02-28 16:10:19,848D:\PycharmProjects\heei3k\interface_testcase\logs\info-2024-02-28.log:send_request.py:25 ---------接口测试开始----------
INFO    2024-02-28 16:10:19,848D:\PycharmProjects\heei3k\interface_testcase\logs\info-2024-02-28.log:send_request.py:26 接口地址 https://api.weixin.qq.com/cgi-bin/token?grant_type=client_credential&appid=wxf9f152aece2b88ff&secret=e531b9dfc90f4ed8116375132fdb2aa9
INFO    2024-02-28 16:10:19,849D:\PycharmProjects\heei3k\interface_testcase\logs\info-2024-02-28.log:send_request.py:27 请求方式 get
INFO    2024-02-28 16:10:20,179D:\PycharmProjects\heei3k\interface_testcase\logs\info-2024-02-28.log:send_request.py:37 接口返回：{"access_token":"78__ilUZymG5dj4fMOk2tE32kOKxONYsYpbaAXX3PCkYJU2xHB0uEnutVkv9AedtSqwcQC52Ou-Z8i7WaMCZEBAoXpsS8vY6g_ySFH9o5Xtiw3rW8LOdBE6xaTZa54BLEaAEAVFY","expires_in":7200}
INFO    2024-02-28 16:10:20,179D:\PycharmProjects\heei3k\interface_testcase\logs\info-2024-02-28.log:send_request.py:38 ---------接口测试结束----------
INFO    2024-02-28 16:10:20,179D:\PycharmProjects\heei3k\interface_testcase\logs\info-2024-02-28.log:send_request.py:39 

INFO    2024-02-28 16:10:20,179D:\PycharmProjects\heei3k\interface_testcase\logs\info-2024-02-28.log:test_weixin_api.py:73 响应报文为{"access_token":"78__ilUZymG5dj4fMOk2tE32kOKxONYsYpbaAXX3PCkYJU2xHB0uEnutVkv9AedtSqwcQC52Ou-Z8i7WaMCZEBAoXpsS8vY6g_ySFH9o5Xtiw3rW8LOdBE6xaTZa54BLEaAEAVFY","expires_in":7200}
INFO    2024-02-28 16:34:17,339D:\PycharmProjects\heei3k\interface_testcase\logs\info-2024-02-28.log:request_util.py:106 

INFO    2024-02-28 16:34:17,340D:\PycharmProjects\heei3k\interface_testcase\logs\info-2024-02-28.log:request_util.py:107 ---------接口测试开始----------
INFO    2024-02-28 16:34:17,340D:\PycharmProjects\heei3k\interface_testcase\logs\info-2024-02-28.log:request_util.py:108 接口请求地址：https://api.weixin.qq.com/cgi-bin/token
INFO    2024-02-28 16:34:17,340D:\PycharmProjects\heei3k\interface_testcase\logs\info-2024-02-28.log:request_util.py:109 接口请求方式：post
INFO    2024-02-28 16:34:17,340D:\PycharmProjects\heei3k\interface_testcase\logs\info-2024-02-28.log:request_util.py:111 接口请求头：{'Content-Type': 'application/json', 'User-Agent': 'Mozilla/5.0 (Windows NT 10.0; Win64; x64; rv:122.0) Gecko/20100101 Firefox/122.0', "Accept'": '*/*'}
INFO    2024-02-28 16:34:17,443D:\PycharmProjects\heei3k\interface_testcase\logs\info-2024-02-28.log:request_util.py:167 ---------接口测试结束----------
INFO    2024-02-28 16:34:17,443D:\PycharmProjects\heei3k\interface_testcase\logs\info-2024-02-28.log:request_util.py:168 

INFO    2024-02-28 16:43:50,188D:\PycharmProjects\heei3k\interface_testcase\logs\info-2024-02-28.log:request_util.py:109 

INFO    2024-02-28 16:43:50,188D:\PycharmProjects\heei3k\interface_testcase\logs\info-2024-02-28.log:request_util.py:110 ---------接口测试开始----------
INFO    2024-02-28 16:43:50,188D:\PycharmProjects\heei3k\interface_testcase\logs\info-2024-02-28.log:request_util.py:111 接口请求地址：https://api.weixin.qq.com/cgi-bin/token
INFO    2024-02-28 16:43:50,189D:\PycharmProjects\heei3k\interface_testcase\logs\info-2024-02-28.log:request_util.py:112 接口请求方式：get
INFO    2024-02-28 16:43:50,189D:\PycharmProjects\heei3k\interface_testcase\logs\info-2024-02-28.log:request_util.py:114 接口请求头：{'Content-Type': 'application/json', 'User-Agent': 'Mozilla/5.0 (Windows NT 10.0; Win64; x64; rv:122.0) Gecko/20100101 Firefox/122.0', "Accept'": '*/*'}
INFO    2024-02-28 16:43:50,189D:\PycharmProjects\heei3k\interface_testcase\logs\info-2024-02-28.log:request_util.py:118 接口请求参数：{'url': '/cgi-bin/token'}
INFO    2024-02-28 16:43:50,300D:\PycharmProjects\heei3k\interface_testcase\logs\info-2024-02-28.log:request_util.py:170 ---------接口测试结束----------
INFO    2024-02-28 16:43:50,300D:\PycharmProjects\heei3k\interface_testcase\logs\info-2024-02-28.log:request_util.py:171 

INFO    2024-02-28 16:46:57,734D:\PycharmProjects\heei3k\interface_testcase\logs\info-2024-02-28.log:request_util.py:109 

INFO    2024-02-28 16:46:57,735D:\PycharmProjects\heei3k\interface_testcase\logs\info-2024-02-28.log:request_util.py:110 ---------接口测试开始----------
INFO    2024-02-28 16:46:57,735D:\PycharmProjects\heei3k\interface_testcase\logs\info-2024-02-28.log:request_util.py:111 接口请求地址：https://api.weixin.qq.com/cgi-bin/token
INFO    2024-02-28 16:46:57,735D:\PycharmProjects\heei3k\interface_testcase\logs\info-2024-02-28.log:request_util.py:112 接口请求方式：get
INFO    2024-02-28 16:46:57,735D:\PycharmProjects\heei3k\interface_testcase\logs\info-2024-02-28.log:request_util.py:114 接口请求头：{'Content-Type': 'application/json', 'User-Agent': 'Mozilla/5.0 (Windows NT 10.0; Win64; x64; rv:122.0) Gecko/20100101 Firefox/122.0', "Accept'": '*/*'}
INFO    2024-02-28 16:46:57,735D:\PycharmProjects\heei3k\interface_testcase\logs\info-2024-02-28.log:request_util.py:118 接口请求参数：{'url': '/cgi-bin/token'}
INFO    2024-02-28 16:46:57,839D:\PycharmProjects\heei3k\interface_testcase\logs\info-2024-02-28.log:request_util.py:170 ---------接口测试结束----------
INFO    2024-02-28 16:46:57,839D:\PycharmProjects\heei3k\interface_testcase\logs\info-2024-02-28.log:request_util.py:171 

INFO    2024-02-28 16:47:41,075D:\PycharmProjects\heei3k\interface_testcase\logs\info-2024-02-28.log:request_util.py:109 

INFO    2024-02-28 16:47:41,075D:\PycharmProjects\heei3k\interface_testcase\logs\info-2024-02-28.log:request_util.py:110 ---------接口测试开始----------
INFO    2024-02-28 16:47:41,075D:\PycharmProjects\heei3k\interface_testcase\logs\info-2024-02-28.log:request_util.py:111 接口请求地址：https://api.weixin.qq.com/cgi-bin/token
INFO    2024-02-28 16:47:41,076D:\PycharmProjects\heei3k\interface_testcase\logs\info-2024-02-28.log:request_util.py:112 接口请求方式：get
INFO    2024-02-28 16:47:41,076D:\PycharmProjects\heei3k\interface_testcase\logs\info-2024-02-28.log:request_util.py:114 接口请求头：{'Content-Type': 'application/json', 'User-Agent': 'Mozilla/5.0 (Windows NT 10.0; Win64; x64; rv:122.0) Gecko/20100101 Firefox/122.0', "Accept'": '*/*'}
INFO    2024-02-28 16:47:41,076D:\PycharmProjects\heei3k\interface_testcase\logs\info-2024-02-28.log:request_util.py:118 接口请求参数：{'params': {'grant_type': 'client_credential', 'appid': 'wxf9f152aece2b88ff', 'secret': 'e531b9dfc90f4ed8116375132fdb2aa9'}}
INFO    2024-02-28 16:47:41,157D:\PycharmProjects\heei3k\interface_testcase\logs\info-2024-02-28.log:request_util.py:170 ---------接口测试结束----------
INFO    2024-02-28 16:47:41,157D:\PycharmProjects\heei3k\interface_testcase\logs\info-2024-02-28.log:request_util.py:171 

INFO    2024-02-28 16:49:16,309D:\PycharmProjects\heei3k\interface_testcase\logs\info-2024-02-28.log:request_util.py:109 

INFO    2024-02-28 16:49:16,309D:\PycharmProjects\heei3k\interface_testcase\logs\info-2024-02-28.log:request_util.py:110 ---------接口测试开始----------
INFO    2024-02-28 16:49:16,309D:\PycharmProjects\heei3k\interface_testcase\logs\info-2024-02-28.log:request_util.py:111 接口请求地址：https://api.weixin.qq.com/cgi-bin/token
INFO    2024-02-28 16:49:16,309D:\PycharmProjects\heei3k\interface_testcase\logs\info-2024-02-28.log:request_util.py:112 接口请求方式：get
INFO    2024-02-28 16:49:16,309D:\PycharmProjects\heei3k\interface_testcase\logs\info-2024-02-28.log:request_util.py:114 接口请求头：{'Content-Type': 'application/json', 'User-Agent': 'Mozilla/5.0 (Windows NT 10.0; Win64; x64; rv:122.0) Gecko/20100101 Firefox/122.0', "Accept'": '*/*'}
INFO    2024-02-28 16:49:16,309D:\PycharmProjects\heei3k\interface_testcase\logs\info-2024-02-28.log:request_util.py:118 接口请求参数：{'params': {'grant_type': 'client_credential', 'appid': 'wx39a08a9b325289cd', 'secret': 'f1a42bbb9331dc9d756206e8deedbe71'}}
INFO    2024-02-28 16:49:16,395D:\PycharmProjects\heei3k\interface_testcase\logs\info-2024-02-28.log:request_util.py:170 ---------接口测试结束----------
INFO    2024-02-28 16:49:16,395D:\PycharmProjects\heei3k\interface_testcase\logs\info-2024-02-28.log:request_util.py:171 

INFO    2024-02-28 16:52:42,690D:\PycharmProjects\heei3k\interface_testcase\logs\info-2024-02-28.log:send_request.py:24 

INFO    2024-02-28 16:52:42,690D:\PycharmProjects\heei3k\interface_testcase\logs\info-2024-02-28.log:send_request.py:25 ---------接口测试开始----------
INFO    2024-02-28 16:52:42,691D:\PycharmProjects\heei3k\interface_testcase\logs\info-2024-02-28.log:send_request.py:26 接口地址 https://api.weixin.qq.com/cgi-bin/token?grant_type=client_credential&appid=wxf9f152aece2b88ff&secret=e531b9dfc90f4ed8116375132fdb2aa9
INFO    2024-02-28 16:52:42,691D:\PycharmProjects\heei3k\interface_testcase\logs\info-2024-02-28.log:send_request.py:27 请求方式 get
INFO    2024-02-28 16:52:43,031D:\PycharmProjects\heei3k\interface_testcase\logs\info-2024-02-28.log:send_request.py:37 接口返回：{"access_token":"78_N41QzxRuPVA7pytK7TJYheLJ4FbTMeaQzDhzYeovXOCyWPi_tY2qbTx1FpGDHaSafmmGopp4i1Oe78_GwS-N38yv1UUJDWBXttEJsCxIIlId0YCuqM60ZiTYE5wUTEbAIAYXI","expires_in":7200}
INFO    2024-02-28 16:52:43,032D:\PycharmProjects\heei3k\interface_testcase\logs\info-2024-02-28.log:send_request.py:38 ---------接口测试结束----------
INFO    2024-02-28 16:52:43,032D:\PycharmProjects\heei3k\interface_testcase\logs\info-2024-02-28.log:send_request.py:39 

INFO    2024-02-28 16:52:43,033D:\PycharmProjects\heei3k\interface_testcase\logs\info-2024-02-28.log:test_weixin_old.py:42 响应报文为{"access_token":"78_N41QzxRuPVA7pytK7TJYheLJ4FbTMeaQzDhzYeovXOCyWPi_tY2qbTx1FpGDHaSafmmGopp4i1Oe78_GwS-N38yv1UUJDWBXttEJsCxIIlId0YCuqM60ZiTYE5wUTEbAIAYXI","expires_in":7200}
INFO    2024-02-28 16:55:24,488D:\PycharmProjects\heei3k\interface_testcase\logs\info-2024-02-28.log:request_util.py:109 

INFO    2024-02-28 16:55:24,488D:\PycharmProjects\heei3k\interface_testcase\logs\info-2024-02-28.log:request_util.py:110 ---------接口测试开始----------
INFO    2024-02-28 16:55:24,489D:\PycharmProjects\heei3k\interface_testcase\logs\info-2024-02-28.log:request_util.py:111 接口请求地址：https://api.weixin.qq.com/cgi-bin/token
INFO    2024-02-28 16:55:24,489D:\PycharmProjects\heei3k\interface_testcase\logs\info-2024-02-28.log:request_util.py:112 接口请求方式：get
INFO    2024-02-28 16:55:24,489D:\PycharmProjects\heei3k\interface_testcase\logs\info-2024-02-28.log:request_util.py:114 接口请求头：{'Content-Type': 'application/json', 'User-Agent': 'Mozilla/5.0 (Windows NT 10.0; Win64; x64; rv:122.0) Gecko/20100101 Firefox/122.0', "Accept'": '*/*'}
INFO    2024-02-28 16:55:24,489D:\PycharmProjects\heei3k\interface_testcase\logs\info-2024-02-28.log:request_util.py:118 接口请求参数：{'params': {'grant_type': 'client_credential', 'appid': 'wxf9f152aece2b88ff', 'secret': 'e531b9dfc90f4ed8116375132fdb2aa9'}}
INFO    2024-02-28 16:55:24,606D:\PycharmProjects\heei3k\interface_testcase\logs\info-2024-02-28.log:request_util.py:170 ---------接口测试结束----------
INFO    2024-02-28 16:55:24,606D:\PycharmProjects\heei3k\interface_testcase\logs\info-2024-02-28.log:request_util.py:171 

INFO    2024-02-28 16:57:17,511D:\PycharmProjects\heei3k\interface_testcase\logs\info-2024-02-28.log:request_util.py:120 

INFO    2024-02-28 16:57:17,512D:\PycharmProjects\heei3k\interface_testcase\logs\info-2024-02-28.log:request_util.py:121 ---------接口测试开始----------
INFO    2024-02-28 16:57:17,512D:\PycharmProjects\heei3k\interface_testcase\logs\info-2024-02-28.log:request_util.py:122 接口请求地址：https://api.weixin.qq.com/cgi-bin/token
INFO    2024-02-28 16:57:17,512D:\PycharmProjects\heei3k\interface_testcase\logs\info-2024-02-28.log:request_util.py:123 接口请求方式：get
INFO    2024-02-28 16:57:17,512D:\PycharmProjects\heei3k\interface_testcase\logs\info-2024-02-28.log:request_util.py:125 接口请求头：{'Content-Type': 'application/json', 'User-Agent': 'Mozilla/5.0 (Windows NT 10.0; Win64; x64; rv:122.0) Gecko/20100101 Firefox/122.0', "Accept'": '*/*'}
INFO    2024-02-28 16:57:17,512D:\PycharmProjects\heei3k\interface_testcase\logs\info-2024-02-28.log:request_util.py:129 接口请求参数：{'params': {'grant_type': 'client_credential', 'appid': 'wxf9f152aece2b88ff', 'secret': 'e531b9dfc90f4ed8116375132fdb2aa9'}}
INFO    2024-02-28 16:57:17,643D:\PycharmProjects\heei3k\interface_testcase\logs\info-2024-02-28.log:request_util.py:181 ---------接口测试结束----------
INFO    2024-02-28 16:57:17,643D:\PycharmProjects\heei3k\interface_testcase\logs\info-2024-02-28.log:request_util.py:182 

INFO    2024-02-28 16:58:10,237D:\PycharmProjects\heei3k\interface_testcase\logs\info-2024-02-28.log:request_util.py:120 

INFO    2024-02-28 16:58:10,237D:\PycharmProjects\heei3k\interface_testcase\logs\info-2024-02-28.log:request_util.py:121 ---------接口测试开始----------
INFO    2024-02-28 16:58:10,238D:\PycharmProjects\heei3k\interface_testcase\logs\info-2024-02-28.log:request_util.py:122 接口请求地址：https://api.weixin.qq.com/cgi-bin/token
INFO    2024-02-28 16:58:10,238D:\PycharmProjects\heei3k\interface_testcase\logs\info-2024-02-28.log:request_util.py:123 接口请求方式：get
INFO    2024-02-28 16:58:10,238D:\PycharmProjects\heei3k\interface_testcase\logs\info-2024-02-28.log:request_util.py:125 接口请求头：{'Content-Type': 'application/json', 'User-Agent': 'Mozilla/5.0 (Windows NT 10.0; Win64; x64; rv:122.0) Gecko/20100101 Firefox/122.0', "Accept'": '*/*'}
INFO    2024-02-28 16:58:10,238D:\PycharmProjects\heei3k\interface_testcase\logs\info-2024-02-28.log:request_util.py:129 接口请求参数：{'grant_type': 'client_credential', 'appid': 'wxf9f152aece2b88ff', 'secret': 'e531b9dfc90f4ed8116375132fdb2aa9'}
INFO    2024-02-28 16:58:10,541D:\PycharmProjects\heei3k\interface_testcase\logs\info-2024-02-28.log:request_util.py:167 接口返回正常，返回消息：{"access_token":"78_6CgudsRkUsiyeI1F72Q2jZgA1J8JLDlMG0kwys0azLi9GPxBlUzQoEU9Zi63Nb8_seR69zY66paMMC869Cxjbo5PaCxJyVa2JDAqaiNH89cm0v8lM6vIflHIwPUAJLgAJAKTV","expires_in":7200}
INFO    2024-02-28 16:58:10,541D:\PycharmProjects\heei3k\interface_testcase\logs\info-2024-02-28.log:request_util.py:181 ---------接口测试结束----------
INFO    2024-02-28 16:58:10,541D:\PycharmProjects\heei3k\interface_testcase\logs\info-2024-02-28.log:request_util.py:182 

INFO    2024-02-28 17:05:43,312D:\PycharmProjects\heei3k\interface_testcase\logs\info-2024-02-28.log:request_util.py:121 

INFO    2024-02-28 17:05:43,313D:\PycharmProjects\heei3k\interface_testcase\logs\info-2024-02-28.log:request_util.py:122 ---------接口测试开始----------
INFO    2024-02-28 17:05:43,313D:\PycharmProjects\heei3k\interface_testcase\logs\info-2024-02-28.log:request_util.py:123 接口请求地址：https://api.weixin.qq.com/cgi-bin/token
INFO    2024-02-28 17:05:43,313D:\PycharmProjects\heei3k\interface_testcase\logs\info-2024-02-28.log:request_util.py:124 接口请求方式：get
INFO    2024-02-28 17:05:43,313D:\PycharmProjects\heei3k\interface_testcase\logs\info-2024-02-28.log:request_util.py:126 接口请求头：{'Content-Type': 'application/json', 'User-Agent': 'Mozilla/5.0 (Windows NT 10.0; Win64; x64; rv:122.0) Gecko/20100101 Firefox/122.0', "Accept'": '*/*'}
INFO    2024-02-28 17:05:43,313D:\PycharmProjects\heei3k\interface_testcase\logs\info-2024-02-28.log:request_util.py:130 接口请求参数：{'params': {'grant_type': 'client_credential', 'appid': 'wxf9f152aece2b88ff', 'secret': 'e531b9dfc90f4ed8116375132fdb2aa9'}}
INFO    2024-02-28 17:05:43,416D:\PycharmProjects\heei3k\interface_testcase\logs\info-2024-02-28.log:request_util.py:182 ---------接口测试结束----------
INFO    2024-02-28 17:05:43,417D:\PycharmProjects\heei3k\interface_testcase\logs\info-2024-02-28.log:request_util.py:183 

INFO    2024-02-28 17:06:30,374D:\PycharmProjects\heei3k\interface_testcase\logs\info-2024-02-28.log:request_util.py:121 

INFO    2024-02-28 17:06:30,375D:\PycharmProjects\heei3k\interface_testcase\logs\info-2024-02-28.log:request_util.py:122 ---------接口测试开始----------
INFO    2024-02-28 17:06:30,375D:\PycharmProjects\heei3k\interface_testcase\logs\info-2024-02-28.log:request_util.py:123 接口请求地址：https://api.weixin.qq.com/cgi-bin/token
INFO    2024-02-28 17:06:30,375D:\PycharmProjects\heei3k\interface_testcase\logs\info-2024-02-28.log:request_util.py:124 接口请求方式：get
INFO    2024-02-28 17:06:30,375D:\PycharmProjects\heei3k\interface_testcase\logs\info-2024-02-28.log:request_util.py:126 接口请求头：{'Content-Type': 'application/json', 'User-Agent': 'Mozilla/5.0 (Windows NT 10.0; Win64; x64; rv:122.0) Gecko/20100101 Firefox/122.0', "Accept'": '*/*'}
INFO    2024-02-28 17:06:30,375D:\PycharmProjects\heei3k\interface_testcase\logs\info-2024-02-28.log:request_util.py:130 接口请求参数：{'params': {'grant_type': 'client_credential', 'appid': 'wxf9f152aece2b88ff', 'secret': 'e531b9dfc90f4ed8116375132fdb2aa9'}}
INFO    2024-02-28 17:06:30,466D:\PycharmProjects\heei3k\interface_testcase\logs\info-2024-02-28.log:request_util.py:182 ---------接口测试结束----------
INFO    2024-02-28 17:06:30,466D:\PycharmProjects\heei3k\interface_testcase\logs\info-2024-02-28.log:request_util.py:183 

INFO    2024-02-28 17:06:47,659D:\PycharmProjects\heei3k\interface_testcase\logs\info-2024-02-28.log:request_util.py:121 

INFO    2024-02-28 17:06:47,817D:\PycharmProjects\heei3k\interface_testcase\logs\info-2024-02-28.log:request_util.py:122 ---------接口测试开始----------
INFO    2024-02-28 17:06:47,818D:\PycharmProjects\heei3k\interface_testcase\logs\info-2024-02-28.log:request_util.py:123 接口请求地址：https://api.weixin.qq.com/cgi-bin/token
INFO    2024-02-28 17:06:47,818D:\PycharmProjects\heei3k\interface_testcase\logs\info-2024-02-28.log:request_util.py:124 接口请求方式：get
INFO    2024-02-28 17:06:47,819D:\PycharmProjects\heei3k\interface_testcase\logs\info-2024-02-28.log:request_util.py:126 接口请求头：{'headers': {'Content-Type': 'application/json', 'User-Agent': 'Mozilla/5.0 (Windows NT 10.0; Win64; x64; rv:122.0) Gecko/20100101 Firefox/122.0', "Accept'": '*/*'}}
INFO    2024-02-28 17:06:47,819D:\PycharmProjects\heei3k\interface_testcase\logs\info-2024-02-28.log:request_util.py:130 接口请求参数：{'grant_type': 'client_credential', 'appid': 'wxf9f152aece2b88ff', 'secret': 'e531b9dfc90f4ed8116375132fdb2aa9'}
INFO    2024-02-28 17:08:20,451D:\PycharmProjects\heei3k\interface_testcase\logs\info-2024-02-28.log:request_util.py:122 

INFO    2024-02-28 17:08:20,451D:\PycharmProjects\heei3k\interface_testcase\logs\info-2024-02-28.log:request_util.py:123 ---------接口测试开始----------
INFO    2024-02-28 17:08:20,452D:\PycharmProjects\heei3k\interface_testcase\logs\info-2024-02-28.log:request_util.py:124 接口请求地址：https://api.weixin.qq.com/cgi-bin/token
INFO    2024-02-28 17:08:20,452D:\PycharmProjects\heei3k\interface_testcase\logs\info-2024-02-28.log:request_util.py:125 接口请求方式：get
INFO    2024-02-28 17:08:20,452D:\PycharmProjects\heei3k\interface_testcase\logs\info-2024-02-28.log:request_util.py:127 接口请求头：{'headers': {'Content-Type': 'application/json', 'User-Agent': 'Mozilla/5.0 (Windows NT 10.0; Win64; x64; rv:122.0) Gecko/20100101 Firefox/122.0', "Accept'": '*/*'}}
INFO    2024-02-28 17:08:20,452D:\PycharmProjects\heei3k\interface_testcase\logs\info-2024-02-28.log:request_util.py:131 接口请求参数：{'params': {'grant_type': 'client_credential', 'appid': 'wxf9f152aece2b88ff', 'secret': 'e531b9dfc90f4ed8116375132fdb2aa9'}}
INFO    2024-02-28 17:12:35,287D:\PycharmProjects\heei3k\interface_testcase\logs\info-2024-02-28.log:request_util.py:122 

INFO    2024-02-28 17:12:35,287D:\PycharmProjects\heei3k\interface_testcase\logs\info-2024-02-28.log:request_util.py:123 ---------接口测试开始----------
INFO    2024-02-28 17:12:35,287D:\PycharmProjects\heei3k\interface_testcase\logs\info-2024-02-28.log:request_util.py:124 接口请求地址：https://api.weixin.qq.com/cgi-bin/token
INFO    2024-02-28 17:12:35,288D:\PycharmProjects\heei3k\interface_testcase\logs\info-2024-02-28.log:request_util.py:125 接口请求方式：get
INFO    2024-02-28 17:12:35,288D:\PycharmProjects\heei3k\interface_testcase\logs\info-2024-02-28.log:request_util.py:127 接口请求头：{'Content-Type': 'application/json', 'User-Agent': 'Mozilla/5.0 (Windows NT 10.0; Win64; x64; rv:122.0) Gecko/20100101 Firefox/122.0', "Accept'": '*/*'}
INFO    2024-02-28 17:12:35,288D:\PycharmProjects\heei3k\interface_testcase\logs\info-2024-02-28.log:request_util.py:131 接口请求参数：{'grant_type': 'client_credential', 'appid': 'wxf9f152aece2b88ff', 'secret': 'e531b9dfc90f4ed8116375132fdb2aa9'}
INFO    2024-02-28 17:12:35,657D:\PycharmProjects\heei3k\interface_testcase\logs\info-2024-02-28.log:request_util.py:169 接口返回正常，返回消息：{"access_token":"78_Jv8nTdzqLxcQRv4mx9YtBc4c9SL5yLZrvXnfR08SM6E2UszWS1XmIwNX-OLSBOwVuntUXPyTp65cuMpSQvBqAIInJONPo5t9bEeIp8htniMS6xLwudvcJEr7unAXUTeAGAQNM","expires_in":7200}
INFO    2024-02-28 17:12:35,658D:\PycharmProjects\heei3k\interface_testcase\logs\info-2024-02-28.log:request_util.py:183 ---------接口测试结束----------
INFO    2024-02-28 17:12:35,658D:\PycharmProjects\heei3k\interface_testcase\logs\info-2024-02-28.log:request_util.py:184 

INFO    2024-02-28 17:13:16,932D:\PycharmProjects\heei3k\interface_testcase\logs\info-2024-02-28.log:request_util.py:122 

INFO    2024-02-28 17:13:16,933D:\PycharmProjects\heei3k\interface_testcase\logs\info-2024-02-28.log:request_util.py:123 ---------接口测试开始----------
INFO    2024-02-28 17:13:16,933D:\PycharmProjects\heei3k\interface_testcase\logs\info-2024-02-28.log:request_util.py:124 接口请求地址：https://api.weixin.qq.com/cgi-bin/token
INFO    2024-02-28 17:13:16,933D:\PycharmProjects\heei3k\interface_testcase\logs\info-2024-02-28.log:request_util.py:125 接口请求方式：get
INFO    2024-02-28 17:13:16,933D:\PycharmProjects\heei3k\interface_testcase\logs\info-2024-02-28.log:request_util.py:127 接口请求头：{'Content-Type': 'application/json', 'User-Agent': 'Mozilla/5.0 (Windows NT 10.0; Win64; x64; rv:122.0) Gecko/20100101 Firefox/122.0', "Accept'": '*/*'}
INFO    2024-02-28 17:13:16,934D:\PycharmProjects\heei3k\interface_testcase\logs\info-2024-02-28.log:request_util.py:131 接口请求参数：{'grant_type': 'client_credential', 'appid': 'wxf9f152aece2b88ff', 'secret': 'e531b9dfc90f4ed8116375132fdb2aa9'}
INFO    2024-02-28 17:13:17,218D:\PycharmProjects\heei3k\interface_testcase\logs\info-2024-02-28.log:request_util.py:169 接口返回正常，返回消息：{"access_token":"78_DZXDJKexfQwZcz59ZXnghWQfJyy2-D86pEZNjqo4SucfAnlStx7fSkJcK0qR-lz49jGxcEuvglkrVVYsPnNRVLh-z0sUAkGVXNdlZVOjfOCpED5j-qEhgo18SPQWRXaABAAVB","expires_in":7200}
INFO    2024-02-28 17:13:17,219D:\PycharmProjects\heei3k\interface_testcase\logs\info-2024-02-28.log:request_util.py:183 ---------接口测试结束----------
INFO    2024-02-28 17:13:17,219D:\PycharmProjects\heei3k\interface_testcase\logs\info-2024-02-28.log:request_util.py:184 

INFO    2024-02-28 17:17:17,295D:\PycharmProjects\heei3k\interface_testcase\logs\info-2024-02-28.log:request_util.py:122 

INFO    2024-02-28 17:17:17,295D:\PycharmProjects\heei3k\interface_testcase\logs\info-2024-02-28.log:request_util.py:123 ---------接口测试开始----------
INFO    2024-02-28 17:17:17,295D:\PycharmProjects\heei3k\interface_testcase\logs\info-2024-02-28.log:request_util.py:124 接口请求地址：https://api.weixin.qq.com/cgi-bin/token
INFO    2024-02-28 17:17:17,295D:\PycharmProjects\heei3k\interface_testcase\logs\info-2024-02-28.log:request_util.py:125 接口请求方式：get
INFO    2024-02-28 17:17:17,296D:\PycharmProjects\heei3k\interface_testcase\logs\info-2024-02-28.log:request_util.py:127 接口请求头：{'Content-Type': 'application/json', 'User-Agent': 'Mozilla/5.0 (Windows NT 10.0; Win64; x64; rv:122.0) Gecko/20100101 Firefox/122.0', "Accept'": '*/*'}
INFO    2024-02-28 17:17:17,296D:\PycharmProjects\heei3k\interface_testcase\logs\info-2024-02-28.log:request_util.py:131 接口请求参数：{'params': {'grant_type': 'client_credential', 'appid': 'wxf9f152aece2b88ff', 'secret': 'e531b9dfc90f4ed8116375132fdb2aa9'}}
INFO    2024-02-28 17:17:17,395D:\PycharmProjects\heei3k\interface_testcase\logs\info-2024-02-28.log:request_util.py:183 ---------接口测试结束----------
INFO    2024-02-28 17:17:17,395D:\PycharmProjects\heei3k\interface_testcase\logs\info-2024-02-28.log:request_util.py:184 

INFO    2024-02-28 17:18:59,301D:\PycharmProjects\heei3k\interface_testcase\logs\info-2024-02-28.log:request_util.py:123 

INFO    2024-02-28 17:18:59,301D:\PycharmProjects\heei3k\interface_testcase\logs\info-2024-02-28.log:request_util.py:124 ---------接口测试开始----------
INFO    2024-02-28 17:18:59,301D:\PycharmProjects\heei3k\interface_testcase\logs\info-2024-02-28.log:request_util.py:125 接口请求地址：https://api.weixin.qq.com/cgi-bin/token
INFO    2024-02-28 17:18:59,302D:\PycharmProjects\heei3k\interface_testcase\logs\info-2024-02-28.log:request_util.py:126 接口请求方式：get
INFO    2024-02-28 17:18:59,302D:\PycharmProjects\heei3k\interface_testcase\logs\info-2024-02-28.log:request_util.py:128 接口请求头：{'Content-Type': 'application/json', 'User-Agent': 'Mozilla/5.0 (Windows NT 10.0; Win64; x64; rv:122.0) Gecko/20100101 Firefox/122.0', "Accept'": '*/*'}
INFO    2024-02-28 17:18:59,302D:\PycharmProjects\heei3k\interface_testcase\logs\info-2024-02-28.log:request_util.py:132 接口请求参数：{'params': {'grant_type': 'client_credential', 'appid': 'wxf9f152aece2b88ff', 'secret': 'e531b9dfc90f4ed8116375132fdb2aa9'}}
INFO    2024-02-28 17:18:59,438D:\PycharmProjects\heei3k\interface_testcase\logs\info-2024-02-28.log:request_util.py:184 ---------接口测试结束----------
INFO    2024-02-28 17:18:59,438D:\PycharmProjects\heei3k\interface_testcase\logs\info-2024-02-28.log:request_util.py:185 

INFO    2024-02-28 17:19:16,621D:\PycharmProjects\heei3k\interface_testcase\logs\info-2024-02-28.log:request_util.py:124 

INFO    2024-02-28 17:19:16,621D:\PycharmProjects\heei3k\interface_testcase\logs\info-2024-02-28.log:request_util.py:125 ---------接口测试开始----------
INFO    2024-02-28 17:19:16,621D:\PycharmProjects\heei3k\interface_testcase\logs\info-2024-02-28.log:request_util.py:126 接口请求地址：https://api.weixin.qq.com/cgi-bin/token
INFO    2024-02-28 17:19:16,621D:\PycharmProjects\heei3k\interface_testcase\logs\info-2024-02-28.log:request_util.py:127 接口请求方式：get
INFO    2024-02-28 17:19:16,621D:\PycharmProjects\heei3k\interface_testcase\logs\info-2024-02-28.log:request_util.py:129 接口请求头：{'Content-Type': 'application/json', 'User-Agent': 'Mozilla/5.0 (Windows NT 10.0; Win64; x64; rv:122.0) Gecko/20100101 Firefox/122.0', "Accept'": '*/*'}
INFO    2024-02-28 17:19:16,622D:\PycharmProjects\heei3k\interface_testcase\logs\info-2024-02-28.log:request_util.py:133 接口请求参数：{'params': {'grant_type': 'client_credential', 'appid': 'wxf9f152aece2b88ff', 'secret': 'e531b9dfc90f4ed8116375132fdb2aa9'}}
INFO    2024-02-28 17:19:16,779D:\PycharmProjects\heei3k\interface_testcase\logs\info-2024-02-28.log:request_util.py:185 ---------接口测试结束----------
INFO    2024-02-28 17:19:16,779D:\PycharmProjects\heei3k\interface_testcase\logs\info-2024-02-28.log:request_util.py:186 

INFO    2024-02-28 17:29:23,617D:\PycharmProjects\heei3k\interface_testcase\logs\info-2024-02-28.log:request_util.py:66 执行到这行代码====================
INFO    2024-02-28 17:30:25,748D:\PycharmProjects\heei3k\interface_testcase\logs\info-2024-02-28.log:request_util.py:66 执行到这行代码====================
INFO    2024-02-28 17:30:25,748D:\PycharmProjects\heei3k\interface_testcase\logs\info-2024-02-28.log:request_util.py:124 

INFO    2024-02-28 17:30:25,749D:\PycharmProjects\heei3k\interface_testcase\logs\info-2024-02-28.log:request_util.py:125 ---------接口测试开始----------
INFO    2024-02-28 17:30:25,749D:\PycharmProjects\heei3k\interface_testcase\logs\info-2024-02-28.log:request_util.py:126 接口请求地址：https://api.weixin.qq.com/cgi-bin/token
INFO    2024-02-28 17:30:25,749D:\PycharmProjects\heei3k\interface_testcase\logs\info-2024-02-28.log:request_util.py:127 接口请求方式：get
INFO    2024-02-28 17:30:25,749D:\PycharmProjects\heei3k\interface_testcase\logs\info-2024-02-28.log:request_util.py:129 接口请求头：{'Content-Type': 'application/json', 'User-Agent': 'Mozilla/5.0 (Windows NT 10.0; Win64; x64; rv:122.0) Gecko/20100101 Firefox/122.0', "Accept'": '*/*', 'headers': '{\'Content-Type\': \'application/json\', \'User-Agent\': \'Mozilla/5.0 (Windows NT 10.0; Win64; x64; rv:122.0) Gecko/20100101 Firefox/122.0\', "Accept\'": \'*/*\'}'}
INFO    2024-02-28 17:30:25,749D:\PycharmProjects\heei3k\interface_testcase\logs\info-2024-02-28.log:request_util.py:133 接口请求参数：{'grant_type': 'client_credential', 'appid': 'wxf9f152aece2b88ff', 'secret': 'e531b9dfc90f4ed8116375132fdb2aa9', 'params': "{'grant_type': 'client_credential', 'appid': 'wxf9f152aece2b88ff', 'secret': 'e531b9dfc90f4ed8116375132fdb2aa9'}"}
INFO    2024-02-28 17:30:26,119D:\PycharmProjects\heei3k\interface_testcase\logs\info-2024-02-28.log:request_util.py:171 接口返回正常，返回消息：{"access_token":"78_s18vWXuMXX7xBY3b4-AQ2Am3Ekr5moDmDuoIIvAN5qJvJ_A2YfA1zZnQ1PRSLSdTYKw71CpgSOAaNoLAOQC6t9Vc7t3Dq0Rn3RgCCH9v-UuwBQCT_DN6e1UfF6UNBThAFABPH","expires_in":7200}
INFO    2024-02-28 17:30:26,119D:\PycharmProjects\heei3k\interface_testcase\logs\info-2024-02-28.log:request_util.py:185 ---------接口测试结束----------
INFO    2024-02-28 17:30:26,119D:\PycharmProjects\heei3k\interface_testcase\logs\info-2024-02-28.log:request_util.py:186 

INFO    2024-02-28 17:31:40,280D:\PycharmProjects\heei3k\interface_testcase\logs\info-2024-02-28.log:request_util.py:66 执行到这行代码====================
INFO    2024-02-28 17:31:40,280D:\PycharmProjects\heei3k\interface_testcase\logs\info-2024-02-28.log:request_util.py:124 

INFO    2024-02-28 17:31:40,280D:\PycharmProjects\heei3k\interface_testcase\logs\info-2024-02-28.log:request_util.py:125 ---------接口测试开始----------
INFO    2024-02-28 17:31:40,281D:\PycharmProjects\heei3k\interface_testcase\logs\info-2024-02-28.log:request_util.py:126 接口请求地址：https://api.weixin.qq.com/cgi-bin/token
INFO    2024-02-28 17:31:40,281D:\PycharmProjects\heei3k\interface_testcase\logs\info-2024-02-28.log:request_util.py:127 接口请求方式：get
INFO    2024-02-28 17:31:40,281D:\PycharmProjects\heei3k\interface_testcase\logs\info-2024-02-28.log:request_util.py:129 接口请求头：{'Content-Type': 'application/json', 'User-Agent': 'Mozilla/5.0 (Windows NT 10.0; Win64; x64; rv:122.0) Gecko/20100101 Firefox/122.0', "Accept'": '*/*', 'headers': '{\'Content-Type\': \'application/json\', \'User-Agent\': \'Mozilla/5.0 (Windows NT 10.0; Win64; x64; rv:122.0) Gecko/20100101 Firefox/122.0\', "Accept\'": \'*/*\'}'}
INFO    2024-02-28 17:31:40,281D:\PycharmProjects\heei3k\interface_testcase\logs\info-2024-02-28.log:request_util.py:133 接口请求参数：{'grant_type': 'client_credential', 'appid': 'wxf9f152aece2b88ff', 'secret': 'e531b9dfc90f4ed8116375132fdb2aa9', 'params': "{'grant_type': 'client_credential', 'appid': 'wxf9f152aece2b88ff', 'secret': 'e531b9dfc90f4ed8116375132fdb2aa9'}"}
INFO    2024-02-28 17:31:40,571D:\PycharmProjects\heei3k\interface_testcase\logs\info-2024-02-28.log:request_util.py:171 接口返回正常，返回消息：{"access_token":"78_X9XGbDbji6XhN-fQ85jFTC0PJTWzHDcIFenAYJcxfMmB8_1GCEwPd7j9h8M_Iy5bdYXCbwM3lZXrmmTxvbmYAsYx0IXJj6MMwPvsZus763aCtDAb4BOaEv_XOKsGAJiABAQKT","expires_in":7200}
INFO    2024-02-28 17:31:40,571D:\PycharmProjects\heei3k\interface_testcase\logs\info-2024-02-28.log:request_util.py:185 ---------接口测试结束----------
INFO    2024-02-28 17:31:40,571D:\PycharmProjects\heei3k\interface_testcase\logs\info-2024-02-28.log:request_util.py:186 

